[2016-11-03 12:16:46] Witty Pi daemon (v2.56) is started.
[2016-11-03 12:16:48] Synchronizing time between system and Witty Pi...
[2016-11-03 12:16:49] Writing RTC time to system...
[2018-05-20 09:15:02] Done :-)
[2018-05-20 09:15:04] File "schedule.wpi" not found, skip running schedule script.
[2018-05-20 09:15:08] Pending for incoming shutdown command...
[2018-05-20 09:15:12] Internet detected, apply NTP time to system and Witty Pi...
[2018-05-20 09:15:22] Writing system time to RTC...
[2018-05-20 09:15:23] Done :-)
[2016-11-03 12:16:46] Witty Pi daemon (v2.56) is started.
[2016-11-03 12:16:49] Synchronizing time between system and Witty Pi...
[2016-11-03 12:16:49] Writing RTC time to system...
[2018-05-20 09:28:59] Done :-)
[2018-05-20 09:29:01] File "schedule.wpi" not found, skip running schedule script.
[2018-05-20 09:29:05] Pending for incoming shutdown command...
[2018-05-20 09:29:09] Internet detected, apply NTP time to system and Witty Pi...
[2018-05-20 09:29:20] Writing system time to RTC...
[2018-05-20 09:29:21] Done :-)
[2016-11-03 12:16:46] Witty Pi daemon (v2.56) is started.
[2016-11-03 12:16:48] Synchronizing time between system and Witty Pi...
[2016-11-03 12:16:49] Writing RTC time to system...
[2018-05-20 17:54:59] Done :-)
[2018-05-20 17:55:02] File "schedule.wpi" not found, skip running schedule script.
[2018-05-20 17:55:06] Pending for incoming shutdown command...
[2018-05-20 17:55:10] Internet detected, apply NTP time to system and Witty Pi...
[2018-05-20 17:55:22] Writing system time to RTC...
[2018-05-20 17:55:22] Done :-)
[2016-11-03 12:16:46] Witty Pi daemon (v2.56) is started.
[2016-11-03 12:16:48] Synchronizing time between system and Witty Pi...
[2016-11-03 12:16:49] Writing RTC time to system...
[2018-05-20 21:18:58] Done :-)
[2018-05-20 21:19:01] File "schedule.wpi" not found, skip running schedule script.
[2018-05-20 21:19:05] Pending for incoming shutdown command...
[2018-05-20 21:19:09] Internet detected, apply NTP time to system and Witty Pi...
[2018-05-20 21:19:18] Writing system time to RTC...
[2018-05-20 21:19:18] Done :-)
[2016-11-03 12:16:46] Witty Pi daemon (v2.56) is started.
[2016-11-03 12:16:48] Synchronizing time between system and Witty Pi...
[2016-11-03 12:16:49] Writing RTC time to system...
[2018-05-21 06:26:11] Done :-)
[2018-05-21 06:26:14] File "schedule.wpi" not found, skip running schedule script.
[2018-05-21 06:26:18] Pending for incoming shutdown command...
[2018-05-21 06:26:22] Internet detected, apply NTP time to system and Witty Pi...
[2018-05-21 06:26:32] Writing system time to RTC...
[2018-05-21 06:26:32] Done :-)
[2016-11-03 12:16:46] Witty Pi daemon (v2.56) is started.
[2016-11-03 12:16:48] Synchronizing time between system and Witty Pi...
[2016-11-03 12:16:49] Writing RTC time to system...
[2018-05-27 10:21:43] Done :-)
[2018-05-27 10:21:45] File "schedule.wpi" not found, skip running schedule script.
[2018-05-27 10:21:50] Pending for incoming shutdown command...
[2018-05-27 10:21:53] Internet detected, apply NTP time to system and Witty Pi...
[2018-05-27 10:22:01] Writing system time to RTC...
[2018-05-27 10:22:01] Done :-)
[2018-05-31 06:46:57] Running syncTime.sh ...
[2018-05-31 06:46:57] Synchronizing time between system and Witty Pi...
[2018-05-31 06:46:57] Writing RTC time to system...
[2018-05-31 06:46:59] Done :-)
[2018-05-31 06:47:09] Internet detected, apply NTP time to system and Witty Pi...
[2018-05-31 06:47:18] Writing system time to RTC...
[2018-05-31 06:47:20] Done :-)
[2016-11-03 12:16:46] Witty Pi daemon (v2.56) is started.
[2016-11-03 12:16:48] Synchronizing time between system and Witty Pi...
[2016-11-03 12:16:49] Writing RTC time to system...
[2018-06-05 06:57:06] Done :-)
[2018-06-05 06:57:08] File "schedule.wpi" not found, skip running schedule script.
[2018-06-05 06:57:13] Pending for incoming shutdown command...
[2018-06-05 06:57:16] Internet detected, apply NTP time to system and Witty Pi...
[2018-06-05 06:57:26] Writing system time to RTC...
[2018-06-05 06:57:27] Done :-)
[2016-11-03 12:16:46] Witty Pi daemon (v2.56) is started.
[2016-11-03 12:16:48] Synchronizing time between system and Witty Pi...
[2016-11-03 12:16:48] Writing RTC time to system...
[2018-06-05 07:00:31] Done :-)
[2018-06-05 07:00:33] File "schedule.wpi" not found, skip running schedule script.
[2018-06-05 07:00:37] Pending for incoming shutdown command...
[2018-06-05 07:00:41] Internet detected, apply NTP time to system and Witty Pi...
[2018-06-05 07:00:51] Writing system time to RTC...
[2018-06-05 07:00:51] Done :-)
[2016-11-03 12:16:46] Witty Pi daemon (v2.56) is started.
[2016-11-03 12:16:48] Synchronizing time between system and Witty Pi...
[2016-11-03 12:16:49] Writing RTC time to system...
[2018-06-05 07:03:05] Done :-)
[2018-06-05 07:03:07] File "schedule.wpi" not found, skip running schedule script.
[2018-06-05 07:03:11] Pending for incoming shutdown command...
[2018-06-05 07:03:15] Internet detected, apply NTP time to system and Witty Pi...
[2018-06-05 07:03:24] Writing system time to RTC...
[2018-06-05 07:03:25] Done :-)
[2016-11-03 12:16:46] Witty Pi daemon (v2.56) is started.
[2016-11-03 12:16:48] Synchronizing time between system and Witty Pi...
[2016-11-03 12:16:49] Writing RTC time to system...
[2018-06-17 07:48:38] Done :-)
[2018-06-17 07:48:41] File "schedule.wpi" not found, skip running schedule script.
[2018-06-17 07:48:45] Pending for incoming shutdown command...
[2018-06-17 07:48:49] Internet detected, apply NTP time to system and Witty Pi...
[2018-06-17 07:48:57] Writing system time to RTC...
[2018-06-17 07:48:59] Done :-)
[2016-11-03 12:16:46] Witty Pi daemon (v2.56) is started.
[2016-11-03 12:16:48] Synchronizing time between system and Witty Pi...
[2016-11-03 12:16:49] Writing RTC time to system...
[2018-06-17 11:32:48] Done :-)
[2018-06-17 11:32:51] File "schedule.wpi" not found, skip running schedule script.
[2018-06-17 11:32:55] Pending for incoming shutdown command...
[2018-06-17 11:32:59] Internet detected, apply NTP time to system and Witty Pi...
[2018-06-17 11:33:10] Writing system time to RTC...
[2018-06-17 11:33:10] Done :-)
[2016-11-03 12:16:46] Witty Pi daemon (v2.56) is started.
[2016-11-03 12:16:48] Synchronizing time between system and Witty Pi...
[2016-11-03 12:16:49] Writing RTC time to system...
[2018-06-17 21:41:17] Done :-)
[2018-06-17 21:41:20] File "schedule.wpi" not found, skip running schedule script.
[2018-06-17 21:41:24] Pending for incoming shutdown command...
[2018-06-17 21:41:28] Internet detected, apply NTP time to system and Witty Pi...
[2018-06-17 21:41:37] Writing system time to RTC...
[2018-06-17 21:41:37] Done :-)
